(0.321182) Input lexicon read
(4132.934351) Initial generation's input sampled
(4134.033704) Seed recorded
(4134.034481) Initial generation birthed and connected
(4134.034513) Generation -1 died off
(4141.188134) Generation 0 listened
(4165.467545) Generation 0 learned
(8309.833138) Generation 0 talked
(8311.02538) Generation 0's output recorded
(8311.026272) Generation 1 birthed and connected
(8311.104835) Generation 0 died off
(8318.844852) Generation 1 listened
(8342.877922) Generation 1 learned
(12512.035096) Generation 1 talked
(12513.173074) Generation 1's output recorded
(12513.173875) Generation 2 birthed and connected
(12513.244215) Generation 1 died off
(12520.63538) Generation 2 listened
(12544.875851) Generation 2 learned
(16688.721927) Generation 2 talked
(16689.89174) Generation 2's output recorded
(16689.89258) Generation 3 birthed and connected
(16689.962974) Generation 2 died off
(16696.836548) Generation 3 listened
(16721.483162) Generation 3 learned
(20857.092957) Generation 3 talked
(20858.305799) Generation 3's output recorded
(20858.3066) Generation 4 birthed and connected
(20858.38604) Generation 3 died off
(20865.577335) Generation 4 listened
(20890.21724) Generation 4 learned
(25031.464967) Generation 4 talked
(25032.593304) Generation 4's output recorded
(25032.594064) Generation 5 birthed and connected
(25032.667031) Generation 4 died off
(25039.645188) Generation 5 listened
(25063.9626) Generation 5 learned
(29198.11671) Generation 5 talked
(29199.36483) Generation 5's output recorded
(29199.365634) Generation 6 birthed and connected
(29199.439436) Generation 5 died off
(29206.857095) Generation 6 listened
(29231.231202) Generation 6 learned
(33388.689723) Generation 6 talked
(33389.84604) Generation 6's output recorded
(33389.846813) Generation 7 birthed and connected
(33389.920996) Generation 6 died off
(33397.413517) Generation 7 listened
(33422.11228) Generation 7 learned
(37547.990589) Generation 7 talked
(37549.098997) Generation 7's output recorded
(37549.099781) Generation 8 birthed and connected
(37549.179215) Generation 7 died off
(37557.144741) Generation 8 listened
(37581.419807) Generation 8 learned
(41720.778304) Generation 8 talked
(41721.918102) Generation 8's output recorded
(41721.918869) Generation 9 birthed and connected
(41721.994229) Generation 8 died off
(41728.826293) Generation 9 listened
(41752.708525) Generation 9 learned
(45898.139162) Generation 9 talked
(45899.278198) Generation 9's output recorded
(45899.279027) Generation 10 birthed and connected
