(0.353016) Input lexicon read
(4049.222252) Initial generation's input sampled
(4050.272967) Seed recorded
(4050.27375) Initial generation birthed and connected
(4050.273783) Generation -1 died off
(4056.553658) Generation 0 listened
(4117.222745) Generation 0 learned
(8113.460032) Generation 0 talked
(8114.697225) Generation 0's output recorded
(8114.698103) Generation 1 birthed and connected
(8114.770991) Generation 0 died off
(8121.178557) Generation 1 listened
(8182.194261) Generation 1 learned
(12178.794647) Generation 1 talked
(12179.863666) Generation 1's output recorded
(12179.864449) Generation 2 birthed and connected
(12179.92864) Generation 1 died off
(12186.805859) Generation 2 listened
(12247.585801) Generation 2 learned
(16240.594615) Generation 2 talked
(16241.647344) Generation 2's output recorded
(16241.648131) Generation 3 birthed and connected
(16241.716128) Generation 2 died off
(16248.112227) Generation 3 listened
(16308.868546) Generation 3 learned
(20310.570333) Generation 3 talked
(20311.625604) Generation 3's output recorded
(20311.626405) Generation 4 birthed and connected
(20311.696525) Generation 3 died off
(20318.162368) Generation 4 listened
(20378.268456) Generation 4 learned
(24385.189458) Generation 4 talked
(24386.242076) Generation 4's output recorded
(24386.242849) Generation 5 birthed and connected
(24386.309697) Generation 4 died off
(24393.026208) Generation 5 listened
(24452.312275) Generation 5 learned
(28441.602531) Generation 5 talked
(28442.644116) Generation 5's output recorded
(28442.644889) Generation 6 birthed and connected
(28442.710847) Generation 5 died off
(28448.708225) Generation 6 listened
(28508.684312) Generation 6 learned
(32507.000815) Generation 6 talked
(32508.045029) Generation 6's output recorded
(32508.045787) Generation 7 birthed and connected
(32508.112051) Generation 6 died off
(32514.157688) Generation 7 listened
(32573.493438) Generation 7 learned
(36568.705668) Generation 7 talked
(36569.757516) Generation 7's output recorded
(36569.758329) Generation 8 birthed and connected
(36569.828211) Generation 7 died off
(36576.127354) Generation 8 listened
(36634.686427) Generation 8 learned
(40642.531066) Generation 8 talked
(40643.57362) Generation 8's output recorded
(40643.574396) Generation 9 birthed and connected
(40643.638519) Generation 8 died off
(40650.145431) Generation 9 listened
(40708.870062) Generation 9 learned
(44707.065194) Generation 9 talked
(44708.273751) Generation 9's output recorded
(44708.274613) Generation 10 birthed and connected
