(0.352186) Input lexicon read
(3984.027429) Initial generation's input sampled
(3985.004776) Seed recorded
(3985.005564) Initial generation birthed and connected
(3985.005593) Generation -1 died off
(3991.615142) Generation 0 listened
(4050.602407) Generation 0 learned
(7994.105011) Generation 0 talked
(7995.051026) Generation 0's output recorded
(7995.051802) Generation 1 birthed and connected
(7995.108809) Generation 0 died off
(8000.818565) Generation 1 listened
(8060.557072) Generation 1 learned
(12023.145399) Generation 1 talked
(12024.09692) Generation 1's output recorded
(12024.097666) Generation 2 birthed and connected
(12024.15649) Generation 1 died off
(12030.061487) Generation 2 listened
(12089.591697) Generation 2 learned
(16051.863285) Generation 2 talked
(16052.806499) Generation 2's output recorded
(16052.807271) Generation 3 birthed and connected
(16052.865993) Generation 2 died off
(16059.096769) Generation 3 listened
(16118.715178) Generation 3 learned
(20068.490387) Generation 3 talked
(20069.431294) Generation 3's output recorded
(20069.43209) Generation 4 birthed and connected
(20069.490954) Generation 3 died off
(20076.047442) Generation 4 listened
(20136.141721) Generation 4 learned
(24077.619904) Generation 4 talked
(24078.558665) Generation 4's output recorded
(24078.559407) Generation 5 birthed and connected
(24078.621101) Generation 4 died off
(24084.28662) Generation 5 listened
(24143.8611) Generation 5 learned
(28095.047615) Generation 5 talked
(28095.988931) Generation 5's output recorded
(28095.989689) Generation 6 birthed and connected
(28096.049376) Generation 5 died off
(28102.387579) Generation 6 listened
(28161.700653) Generation 6 learned
(32105.408583) Generation 6 talked
(32106.337238) Generation 6's output recorded
(32106.337986) Generation 7 birthed and connected
(32106.394783) Generation 6 died off
(32112.047621) Generation 7 listened
(32170.425522) Generation 7 learned
(36116.559651) Generation 7 talked
(36117.496373) Generation 7's output recorded
(36117.497127) Generation 8 birthed and connected
(36117.558413) Generation 7 died off
(36123.629515) Generation 8 listened
(36181.707886) Generation 8 learned
(40133.825529) Generation 8 talked
(40134.762234) Generation 8's output recorded
(40134.76299) Generation 9 birthed and connected
(40134.821191) Generation 8 died off
(40140.925588) Generation 9 listened
(40198.782184) Generation 9 learned
(44159.700891) Generation 9 talked
(44160.738003) Generation 9's output recorded
(44160.738848) Generation 10 birthed and connected
