(0.322581) Input lexicon read
(4143.930083) Initial generation's input sampled
(4145.007452) Seed recorded
(4145.009494) Initial generation birthed and connected
(4145.009529) Generation -1 died off
(4151.769599) Generation 0 listened
(4175.452668) Generation 0 learned
(8317.32589) Generation 0 talked
(8318.380096) Generation 0's output recorded
(8318.380906) Generation 1 birthed and connected
(8318.451922) Generation 0 died off
(8325.34857) Generation 1 listened
(8348.979962) Generation 1 learned
(12493.660578) Generation 1 talked
(12494.708418) Generation 1's output recorded
(12494.709207) Generation 2 birthed and connected
(12494.78247) Generation 1 died off
(12501.677529) Generation 2 listened
(12526.116172) Generation 2 learned
(16684.363565) Generation 2 talked
(16685.461425) Generation 2's output recorded
(16685.462307) Generation 3 birthed and connected
(16685.540636) Generation 2 died off
(16692.203946) Generation 3 listened
(16716.590663) Generation 3 learned
(20875.750141) Generation 3 talked
(20876.793031) Generation 3's output recorded
(20876.793815) Generation 4 birthed and connected
(20876.862589) Generation 3 died off
(20883.850467) Generation 4 listened
(20908.383073) Generation 4 learned
(25070.055565) Generation 4 talked
(25071.156376) Generation 4's output recorded
(25071.157263) Generation 5 birthed and connected
(25071.238568) Generation 4 died off
(25078.263789) Generation 5 listened
(25103.097955) Generation 5 learned
(29256.189485) Generation 5 talked
(29257.230945) Generation 5's output recorded
(29257.231798) Generation 6 birthed and connected
(29257.306421) Generation 5 died off
(29263.530251) Generation 6 listened
(29287.837611) Generation 6 learned
(33434.294186) Generation 6 talked
(33435.336418) Generation 6's output recorded
(33435.337216) Generation 7 birthed and connected
(33435.403187) Generation 6 died off
(33442.34829) Generation 7 listened
(33466.484693) Generation 7 learned
(37619.364833) Generation 7 talked
(37620.407189) Generation 7's output recorded
(37620.407995) Generation 8 birthed and connected
(37620.478564) Generation 7 died off
(37627.491951) Generation 8 listened
(37651.59714) Generation 8 learned
(41814.737871) Generation 8 talked
(41815.802882) Generation 8's output recorded
(41815.803761) Generation 9 birthed and connected
(41815.875008) Generation 8 died off
(41822.930733) Generation 9 listened
(41847.144464) Generation 9 learned
(45998.254344) Generation 9 talked
(45999.30362) Generation 9's output recorded
(45999.304398) Generation 10 birthed and connected
