(0.47575) Input lexicon read
(4057.207838) Initial generation's input sampled
(4058.298621) Seed recorded
(4058.300732) Initial generation birthed and connected
(4058.300769) Generation -1 died off
(4065.224949) Generation 0 listened
(4125.649589) Generation 0 learned
(8181.732956) Generation 0 talked
(8182.773571) Generation 0's output recorded
(8182.774376) Generation 1 birthed and connected
(8182.845639) Generation 0 died off
(8189.202166) Generation 1 listened
(8249.552493) Generation 1 learned
(12303.404854) Generation 1 talked
(12304.447563) Generation 1's output recorded
(12304.448382) Generation 2 birthed and connected
(12304.521019) Generation 1 died off
(12311.254349) Generation 2 listened
(12371.646444) Generation 2 learned
(16418.325435) Generation 2 talked
(16419.521439) Generation 2's output recorded
(16419.522307) Generation 3 birthed and connected
(16419.593787) Generation 2 died off
(16425.858613) Generation 3 listened
(16486.310096) Generation 3 learned
(20536.007041) Generation 3 talked
(20537.049817) Generation 3's output recorded
(20537.050605) Generation 4 birthed and connected
(20537.125883) Generation 3 died off
(20543.472249) Generation 4 listened
(20604.552972) Generation 4 learned
(24664.60451) Generation 4 talked
(24665.653843) Generation 4's output recorded
(24665.654615) Generation 5 birthed and connected
(24665.734693) Generation 4 died off
(24672.028504) Generation 5 listened
(24733.46205) Generation 5 learned
(28787.490853) Generation 5 talked
(28788.525638) Generation 5's output recorded
(28788.52639) Generation 6 birthed and connected
(28788.597643) Generation 5 died off
(28794.632001) Generation 6 listened
(28854.759465) Generation 6 learned
(32905.842547) Generation 6 talked
(32906.879242) Generation 6's output recorded
(32906.880199) Generation 7 birthed and connected
(32906.958532) Generation 6 died off
(32913.478609) Generation 7 listened
(32973.436337) Generation 7 learned
(37025.562992) Generation 7 talked
(37026.589413) Generation 7's output recorded
(37026.590193) Generation 8 birthed and connected
(37026.658467) Generation 7 died off
(37033.791624) Generation 8 listened
(37093.650452) Generation 8 learned
(41129.708849) Generation 8 talked
(41130.735792) Generation 8's output recorded
(41130.736592) Generation 9 birthed and connected
(41130.803979) Generation 8 died off
(41137.346639) Generation 9 listened
(41196.323003) Generation 9 learned
(45227.540859) Generation 9 talked
(45228.566693) Generation 9's output recorded
(45228.56753) Generation 10 birthed and connected
